<?xml version="1.0" encoding="UTF-8"?>
<!-- Generated by org.testng.reporters.JUnitReportReporter -->
<testsuite hostname="Cheryl" failures="0" tests="2" name="com.obsqura.TestNGSample.AnnotetionClassEg" time="0.001" errors="0" timestamp="2022-11-16T22:02:25 IST" skipped="0">
  <testcase classname="com.obsqura.TestNGSample.AnnotetionClassEg" name="testcase2" time="0.000"/>
  <system-out/>
  <testcase classname="com.obsqura.TestNGSample.AnnotetionClassEg" name="testcase1" time="0.001"/>
  <system-out/>
</testsuite> <!-- com.obsqura.TestNGSample.AnnotetionClassEg -->
