<?xml version="1.0" encoding="UTF-8"?>
<!-- Generated by org.testng.reporters.JUnitReportReporter -->
<testsuite hostname="Cheryl" failures="0" tests="3" name="com.obsqura.TestNGSample.Locators" time="5.502" errors="0" timestamp="2022-11-16T22:06:05 IST" skipped="0">
  <testcase classname="com.obsqura.TestNGSample.Locators" name="nameLocator" time="0.016"/>
  <system-out/>
  <testcase classname="com.obsqura.TestNGSample.Locators" name="classNameLocator" time="0.035"/>
  <system-out/>
  <testcase classname="com.obsqura.TestNGSample.Locators" name="idLocators" time="5.451"/>
  <system-out/>
</testsuite> <!-- com.obsqura.TestNGSample.Locators -->
