<?xml version="1.0" encoding="UTF-8"?>
<!-- Generated by org.testng.reporters.JUnitReportReporter -->
<testsuite hostname="Cheryl" failures="0" tests="2" name="com.obsqura.TestNGSample.AnnotetionClassEg" time="0.011" errors="0" timestamp="2022-11-18T13:34:02 IST" skipped="0">
  <testcase classname="com.obsqura.TestNGSample.AnnotetionClassEg" name="testcase2" time="0.003"/>
  <system-out/>
  <testcase classname="com.obsqura.TestNGSample.AnnotetionClassEg" name="testcase1" time="0.008"/>
  <system-out/>
</testsuite> <!-- com.obsqura.TestNGSample.AnnotetionClassEg -->
