<?xml version="1.0" encoding="UTF-8"?>
<!-- Generated by org.testng.reporters.JUnitReportReporter -->
<testsuite hostname="Cheryl" failures="0" tests="8" name="com.obsqura.TestNGSample.Locators" time="6.952" errors="0" timestamp="2022-11-18T20:34:12 IST" skipped="0">
  <testcase classname="com.obsqura.TestNGSample.Locators" name="cssIdXpath" time="0.013"/>
  <system-out/>
  <testcase classname="com.obsqura.TestNGSample.Locators" name="cssClassSelector" time="0.013"/>
  <system-out/>
  <testcase classname="com.obsqura.TestNGSample.Locators" name="idLocators" time="6.837"/>
  <system-out/>
  <testcase classname="com.obsqura.TestNGSample.Locators" name="nameLocator" time="0.018"/>
  <system-out/>
  <testcase classname="com.obsqura.TestNGSample.Locators" name="cssAttributeSelector" time="0.011"/>
  <system-out/>
  <testcase classname="com.obsqura.TestNGSample.Locators" name="cssIdSelector" time="0.008"/>
  <system-out/>
  <testcase classname="com.obsqura.TestNGSample.Locators" name="cssClassXpath" time="0.023"/>
  <system-out/>
  <testcase classname="com.obsqura.TestNGSample.Locators" name="classNameLocator" time="0.029"/>
  <system-out/>
</testsuite> <!-- com.obsqura.TestNGSample.Locators -->
